
------------------------------------------------------------
Sender: LSF System <lsfadmin@n-62-31-1>
Subject: Job 5803049: <profiling> in cluster <dcc> Exited

Job <profiling> was submitted from host <hpclogin2> by user <s164035> in cluster <dcc> at Tue Mar 10 14:53:51 2020
Job was executed on host(s) <24*n-62-31-1>, in queue <hpc>, as user <s164035> in cluster <dcc> at Tue Mar 10 14:53:52 2020
                            <24*n-62-31-24>
                            <24*n-62-31-23>
</zhome/56/0/117244> was used as the home directory.
</zhome/56/0/117244/Desktop/LSM/Project1/blocking> was used as the working directory.
Started at Tue Mar 10 14:53:52 2020
Terminated at Tue Mar 10 14:56:09 2020
Results reported at Tue Mar 10 14:56:09 2020

Your job looked like:

------------------------------------------------------------
# LSBATCH: User input
#!/bin/bash
#BSUB -n 72
# Number of processers allocated (in blocks) per compute node => 72 cores
#BSUB -R "span[block=24]"
#BSUB -W 2:00
#BSUB -R "select[model == XeonGold6126]"
#BSUB -R "rusage[mem=4GB]"
#BSUB -J profiling
#BSUB -o out/Output_%J.out
#BSUB -e err/Error_%J.err

# Load modules
module purge
module load mpi/3.1.3-gcc-8.2.0

# Do not worry why this is here...
unset LSB_AFFINITY_HOSTFILE

# Build project
# make clean
# make CFLAGS="-O3 -march=native"

# LMatrix size
N=5000

# px
px=8
py=8
np=$((px*py))

nx1=192
ny1=192

nx2=48
ny2=48

for algo in block
do
out="test_map-by_warm-up_multiple-runs/${N}_px${px}_py${py}_nx1_${nx1}_ny1_${ny1}_nx2_${nx2}_ny2_${ny2}_$algo"

# Note that this submit script allocates 72 processors!
# The below command will:
#   1. Start-up $np processors
#   2. place the $np processors on the 72 available processors such that
#      the latency between the processors are minimized, yet spread.
#   3. It will report how the processors are allocated on the sockets
#      An example:
#[n-62-31-13:233366] MCW rank 0 bound to socket 0[core 0[hwt 0]]: [B/././././././././././.][./././././././././././.]
#[n-62-31-13:233366] MCW rank 1 bound to socket 0[core 1[hwt 0]]: [./B/./././././././././.][./././././././././././.]
#[n-62-31-13:233366] MCW rank 2 bound to socket 0[core 2[hwt 0]]: [././B/././././././././.][./././././././././././.]

(... more ...)
------------------------------------------------------------

Exited with exit code 1.

Resource usage summary:

    CPU time :                                   8544.67 sec.
    Max Memory :                                 6913 MB
    Average Memory :                             5008.17 MB
    Total Requested Memory :                     294912.00 MB
    Delta Memory :                               287999.00 MB
    Max Swap :                                   -
    Max Processes :                              70
    Max Threads :                                209
    Run time :                                   144 sec.
    Turnaround time :                            138 sec.

The output (if any) is above this job summary.



PS:

Read file <err/Error_5803049.err> for stderr output of this job.

