
------------------------------------------------------------
Sender: LSF System <lsfadmin@n-62-31-4>
Subject: Job 5802480: <profiling> in cluster <dcc> Exited

Job <profiling> was submitted from host <hpclogin2> by user <s164035> in cluster <dcc> at Tue Mar 10 12:04:27 2020
Job was executed on host(s) <24*n-62-31-4>, in queue <hpc>, as user <s164035> in cluster <dcc> at Tue Mar 10 12:04:28 2020
                            <24*n-62-31-3>
                            <24*n-62-31-2>
</zhome/56/0/117244> was used as the home directory.
</zhome/56/0/117244/Desktop/LSM/Project1/blocking> was used as the working directory.
Started at Tue Mar 10 12:04:28 2020
Terminated at Tue Mar 10 14:04:57 2020
Results reported at Tue Mar 10 14:04:57 2020

Your job looked like:

------------------------------------------------------------
# LSBATCH: User input
#!/bin/bash
#BSUB -n 72
# Number of processers allocated (in blocks) per compute node => 72 cores
#BSUB -R "span[block=24]"
#BSUB -W 2:00
#BSUB -R "select[model == XeonGold6126]"
#BSUB -R "rusage[mem=4GB]"
#BSUB -J profiling
#BSUB -o out/Output_%J.out
#BSUB -e err/Error_%J.err

# Load modules
module purge
module load mpi/3.1.3-gcc-8.2.0

# Do not worry why this is here...
unset LSB_AFFINITY_HOSTFILE

# Build project
# make clean
# make CFLAGS="-O3 -march=native"

# Loop matrix size
for N in 100 1000 5000 10000 30000 50000
do

# Loop px (Maybe changing from only rows to only colums and fix nx1=nx2, ny1=ny2)
all_p="1 2 4 8 9 18 36 72"
for px in $all_p ; do
for py in $all_p ; do
np=$((px*py))

# skip 1 processor counts
[ $np -eq 1 ] && continue
[ $np -gt 72 ] && continue

blocks="16 48 192"
for nx1 in $blocks ; do
for ny1 in $nx1 ; do
#for ny1 in $blocks ; do

for nx2 in $blocks ; do
for ny2 in $nx2 ; do
#for ny2 in $blocks ; do

# Skip copying algorithm
[ $nx1 -eq $nx2 -a $ny1 -eq $ny2 ] && continue

for algo in block
do

(... more ...)
------------------------------------------------------------

TERM_RUNLIMIT: job killed after reaching LSF run time limit.
Exited with exit code 140.

Resource usage summary:

    CPU time :                                   309618.00 sec.
    Max Memory :                                 14288 MB
    Average Memory :                             2559.65 MB
    Total Requested Memory :                     294912.00 MB
    Delta Memory :                               280624.00 MB
    Max Swap :                                   1 MB
    Max Processes :                              78
    Max Threads :                                233
    Run time :                                   7229 sec.
    Turnaround time :                            7230 sec.

The output (if any) is above this job summary.



PS:

Read file <err/Error_5802480.err> for stderr output of this job.

