
------------------------------------------------------------
Sender: LSF System <lsfadmin@n-62-31-24>
Subject: Job 5821196: <profiling> in cluster <dcc> Exited

Job <profiling> was submitted from host <hpclogin2> by user <s192686> in cluster <dcc> at Fri Mar 13 13:19:01 2020
Job was executed on host(s) <24*n-62-31-24>, in queue <hpc>, as user <s192686> in cluster <dcc> at Fri Mar 13 13:19:03 2020
                            <24*n-62-31-23>
                            <24*n-62-31-22>
</zhome/52/4/144632> was used as the home directory.
</zhome/52/4/144632/Desktop/LSM/git/LSM/Project1/collective> was used as the working directory.
Started at Fri Mar 13 13:19:03 2020
Terminated at Fri Mar 13 14:30:25 2020
Results reported at Fri Mar 13 14:30:25 2020

Your job looked like:

------------------------------------------------------------
# LSBATCH: User input
#!/bin/bash
#BSUB -n 72
# Number of processers allocated (in blocks) per compute node => 72 cores
#BSUB -R "span[block=24]"
#BSUB -W 2:00
#BSUB -R "select[model == XeonGold6126]"
#BSUB -R "rusage[mem=4GB]"
#BSUB -J profiling
#BSUB -o out/Output_%J.out
#BSUB -e err/Error_%J.err

# Load modules
module purge
module load mpi/3.1.3-gcc-8.2.0

# Do not worry why this is here...
unset LSB_AFFINITY_HOSTFILE

# Build project
# make clean
# make CFLAGS="-O3 -march=native"

# Loop matrix size
for N in 100 1000 5000 10000 30000 50000
do

# Loop px (Maybe changing from only rows to only colums and fix nx1=nx2, ny1=ny2)
all_p="1 2 4 8 9 18 36 72"
for px in $all_p ; do
for py in $all_p ; do
np=$((px*py))

# skip 1 processor counts
[ $np -eq 1 ] && continue
[ $np -gt 72 ] && continue

blocks="16 48 192"
for nx1 in $blocks ; do
for ny1 in $nx1 ; do
#for ny1 in $blocks ; do

for nx2 in $blocks ; do
for ny2 in $nx2 ; do
#for ny2 in $blocks ; do

# Skip copying algorithm
[ $nx1 -eq $nx2 -a $ny1 -eq $ny2 ] && continue

for algo in block
do

(... more ...)
------------------------------------------------------------

Exited with exit code 1.

Resource usage summary:

    CPU time :                                   52316.67 sec.
    Max Memory :                                 55678 MB
    Average Memory :                             16757.70 MB
    Total Requested Memory :                     294912.00 MB
    Delta Memory :                               239234.00 MB
    Max Swap :                                   15 MB
    Max Processes :                              28
    Max Threads :                                81
    Run time :                                   4282 sec.
    Turnaround time :                            4284 sec.

The output (if any) is above this job summary.



PS:

Read file <err/Error_5821196.err> for stderr output of this job.

